<?xml version="1.0" encoding="UTF-8"?>
<!-- Generated by org.testng.reporters.JUnitReportReporter -->
<testsuite hostname="Alans-MacBook-Air.local" failures="0" tests="1" name="com.test.scripts.SearchTest" time="8.065" errors="0" timestamp="2024-06-17T12:03:09 EDT" skipped="0">
  <testcase classname="com.test.scripts.SearchTest" name="searchForAnythingTest" time="8.065"/>
  <system-out/>
</testsuite> <!-- com.test.scripts.SearchTest -->
