<?xml version="1.0" encoding="UTF-8"?>
<!-- Generated by org.testng.reporters.JUnitReportReporter -->
<testsuite hostname="Alans-MacBook-Air.local" failures="0" tests="1" name="com.test.scripts.ContactPageTest" time="14.138" errors="0" timestamp="2024-06-17T12:03:09 EDT" skipped="0">
  <testcase classname="com.test.scripts.ContactPageTest" name="contactUsClickTest" time="14.138"/>
  <system-out/>
</testsuite> <!-- com.test.scripts.ContactPageTest -->
