<?xml version="1.0" encoding="UTF-8"?>
<!-- Generated by org.testng.reporters.JUnitReportReporter -->
<testsuite hostname="Alans-MacBook-Air.local" failures="0" tests="1" name="com.test.scripts.StoresButtonTest" time="6.240" errors="0" timestamp="2024-06-17T14:09:08 EDT" skipped="0">
  <testcase classname="com.test.scripts.StoresButtonTest" name="storesButtonClickTest" time="6.240"/>
  <system-out/>
</testsuite> <!-- com.test.scripts.StoresButtonTest -->
