<?xml version="1.0" encoding="UTF-8"?>
<!-- Generated by org.testng.reporters.JUnitReportReporter -->
<testsuite hostname="Alans-MacBook-Air.local" failures="0" tests="1" name="com.test.scripts.SearchTest" time="11.357" errors="0" timestamp="2024-06-17T14:09:08 EDT" skipped="0">
  <testcase classname="com.test.scripts.SearchTest" name="searchForAnythingTest" time="11.357"/>
  <system-out/>
</testsuite> <!-- com.test.scripts.SearchTest -->
